[dexters.nicepage.io/index.html]
[backblue.gif]
[fade.gif]
[index.html]
[capp.nicepage.com/17396d76bafb5b353a90d5731cf607c1b2cbbbab/nicepage.css]
[dexters.nicepage.io/Home.css]
[assets.nicepagecdn.com/5521c873/3042653/images/signal-2022-09-21-203758_002.png]
[capp.nicepage.com/17396d76bafb5b353a90d5731cf607c1b2cbbbab/nicepage.js]
[dexters.nicepage.io/nicepage-site.css]
[assets.nicepagecdn.com/5521c873/3042653/images/ice_screenshot_20221010-200028.png]
[assets.nicepagecdn.com/5521c873/3042653/images/9840063842.jpg]
[capp.nicepage.com/assets/jquery-3.5.1.min.js]
[assets.nicepagecdn.com/5521c873/3042653/images/ice_screenshot_20221009-172730.png]
[dexters.nicepage.io/index.html]
[capp.nicepage.com/17396d76bafb5b353a90d5731cf607c1b2cbbbab/nicepage.css]
[dexters.nicepage.io/nicepage-site.css]
[dexters.nicepage.io/Home.css]
[capp.nicepage.com/17396d76bafb5b353a90d5731cf607c1b2cbbbab/nicepage.js]
[dexters.nicepage.io/ABCDEFGHIJKLMNOPQRSTUVWXYZabcdefghijklmnopqrstuvwxyz0123456789+/index.html]
[dexters.nicepage.io/Content/BundledScripts/index.html]
[dexters.nicepage.io/Content/BundledScripts/index.html]
[dexters.nicepage.io/ABCDEFGHIJKLMNOPQRSTUVWXYZabcdefghijklmnopqrstuvwxyz0123456789+/index.html]
